<?xml version="1.0" encoding="UTF-8"?>
<!-- Generated by org.testng.reporters.JUnitReportReporter -->
<testsuite hostname="DESKTOP-LMKD7H0" failures="0" tests="1" name="test.OrangeHRMLoginLgout" time="18.582" errors="0" timestamp="2021-12-30T19:41:44 GMT-05:00" skipped="0">
  <testcase classname="test.OrangeHRMLoginLgout" name="login" time="18.582"/>
  <system-out>
    <![CDATA[login method is executing]]>
  </system-out>
</testsuite> <!-- test.OrangeHRMLoginLgout -->
